<?xml version="1.0" encoding="UTF-8"?>
<coverage generated="1501084134">
  <project timestamp="1501084134">
    <package name="AdService">
      <file name="/home/git/comparison/src/Comparison.php">
        <class name="Comparison" namespace="AdService">
          <metrics methods="4" coveredmethods="1" conditionals="0" coveredconditionals="0" statements="52" coveredstatements="47" elements="56" coveredelements="48"/>
        </class>
        <line num="31" type="method" name="__construct" crap="1" count="2"/>
        <line num="33" type="stmt" count="2"/>
        <line num="34" type="stmt" count="2"/>
        <line num="35" type="stmt" count="2"/>
        <line num="47" type="method" name="_compare" crap="9.03" count="2"/>
        <line num="49" type="stmt" count="2"/>
        <line num="51" type="stmt" count="2"/>
        <line num="52" type="stmt" count="2"/>
        <line num="56" type="stmt" count="0"/>
        <line num="57" type="stmt" count="0"/>
        <line num="60" type="stmt" count="2"/>
        <line num="61" type="stmt" count="2"/>
        <line num="63" type="stmt" count="2"/>
        <line num="64" type="stmt" count="2"/>
        <line num="65" type="stmt" count="2"/>
        <line num="67" type="stmt" count="2"/>
        <line num="69" type="stmt" count="2"/>
        <line num="71" type="stmt" count="2"/>
        <line num="72" type="stmt" count="2"/>
        <line num="79" type="stmt" count="2"/>
        <line num="81" type="stmt" count="1"/>
        <line num="85" type="stmt" count="2"/>
        <line num="88" type="stmt" count="2"/>
        <line num="89" type="stmt" count="2"/>
        <line num="91" type="stmt" count="2"/>
        <line num="92" type="stmt" count="2"/>
        <line num="93" type="stmt" count="2"/>
        <line num="95" type="stmt" count="2"/>
        <line num="97" type="stmt" count="2"/>
        <line num="99" type="stmt" count="2"/>
        <line num="100" type="stmt" count="2"/>
        <line num="107" type="stmt" count="2"/>
        <line num="109" type="stmt" count="2"/>
        <line num="111" type="stmt" count="2"/>
        <line num="124" type="method" name="_match" crap="6.13" count="2"/>
        <line num="126" type="stmt" count="2"/>
        <line num="128" type="stmt" count="2"/>
        <line num="129" type="stmt" count="2"/>
        <line num="133" type="stmt" count="0"/>
        <line num="134" type="stmt" count="0"/>
        <line num="137" type="stmt" count="2"/>
        <line num="138" type="stmt" count="2"/>
        <line num="140" type="stmt" count="2"/>
        <line num="142" type="stmt" count="2"/>
        <line num="144" type="stmt" count="2"/>
        <line num="145" type="stmt" count="2"/>
        <line num="147" type="stmt" count="2"/>
        <line num="154" type="stmt" count="2"/>
        <line num="167" type="method" name="_strSplitUnicode" crap="3.03" count="2"/>
        <line num="169" type="stmt" count="2"/>
        <line num="171" type="stmt" count="2"/>
        <line num="172" type="stmt" count="2"/>
        <line num="173" type="stmt" count="2"/>
        <line num="175" type="stmt" count="2"/>
        <line num="177" type="stmt" count="2"/>
        <line num="180" type="stmt" count="0"/>
        <metrics loc="186" ncloc="114" classes="1" methods="4" coveredmethods="1" conditionals="0" coveredconditionals="0" statements="52" coveredstatements="47" elements="56" coveredelements="48"/>
      </file>
    </package>
    <metrics files="1" loc="186" ncloc="114" classes="1" methods="4" coveredmethods="1" conditionals="0" coveredconditionals="0" statements="52" coveredstatements="47" elements="56" coveredelements="48"/>
  </project>
</coverage>
